# JRE version: Java(TM) SE Runtime Environment (8.0_66-b17) (build 1.8.0_66-b17)
# Java VM: Java HotSpot(TM) 64-Bit Server VM (25.66-b17 mixed mode bsd-amd64 compressed oops)
Heap:
 PSYoungGen      total 38912K, used 31374K [0x00000007aab00000, 0x00000007ad700000, 0x00000007c0000000)
  eden space 32768K, 95% used [0x00000007aab00000,0x00000007ac9a3aa8,0x00000007acb00000)
  from space 6144K, 0% used [0x00000007ad100000,0x00000007ad100000,0x00000007ad700000)
  to   space 6144K, 0% used [0x00000007acb00000,0x00000007acb00000,0x00000007ad100000)
 ParOldGen       total 32768K, used 6993K [0x0000000780000000, 0x0000000782000000, 0x00000007aab00000)
  object space 32768K, 21% used [0x0000000780000000,0x00000007806d4540,0x0000000782000000)
 Metaspace       used 28625K, capacity 29862K, committed 29952K, reserved 1075200K
  class space    used 4263K, capacity 4551K, committed 4608K, reserved 1048576K
GC Heap History (10 events):
Event: 3.735 GC heap before
{Heap before GC invocations=3 (full 0):
 PSYoungGen      total 18944K, used 18791K [0x00000007aab00000, 0x00000007ad000000, 0x00000007c0000000)
  eden space 16384K, 100% used [0x00000007aab00000,0x00000007abb00000,0x00000007abb00000)
  from space 2560K, 94% used [0x00000007abd80000,0x00000007abfd9fe0,0x00000007ac000000)
  to   space 2560K, 0% used [0x00000007abb00000,0x00000007abb00000,0x00000007abd80000)
 ParOldGen       total 44032K, used 426K [0x0000000780000000, 0x0000000782b00000, 0x00000007aab00000)
  object space 44032K, 0% used [0x0000000780000000,0x000000078006a980,0x0000000782b00000)
 Metaspace       used 11283K, capacity 11662K, committed 11904K, reserved 1058816K
  class space    used 1436K, capacity 1572K, committed 1664K, reserved 1048576K
Event: 3.740 GC heap after
Heap after GC invocations=3 (full 0):
 PSYoungGen      total 18944K, used 2544K [0x00000007aab00000, 0x00000007ac000000, 0x00000007c0000000)
  eden space 16384K, 0% used [0x00000007aab00000,0x00000007aab00000,0x00000007abb00000)
  from space 2560K, 99% used [0x00000007abb00000,0x00000007abd7c010,0x00000007abd80000)
  to   space 2560K, 0% used [0x00000007abd80000,0x00000007abd80000,0x00000007ac000000)
 ParOldGen       total 44032K, used 1444K [0x0000000780000000, 0x0000000782b00000, 0x00000007aab00000)
  object space 44032K, 3% used [0x0000000780000000,0x0000000780169268,0x0000000782b00000)
 Metaspace       used 11283K, capacity 11662K, committed 11904K, reserved 1058816K
  class space    used 1436K, capacity 1572K, committed 1664K, reserved 1048576K
}
Event: 4.086 GC heap before
{Heap before GC invocations=4 (full 0):
 PSYoungGen      total 18944K, used 18928K [0x00000007aab00000, 0x00000007ac000000, 0x00000007c0000000)
  eden space 16384K, 100% used [0x00000007aab00000,0x00000007abb00000,0x00000007abb00000)
  from space 2560K, 99% used [0x00000007abb00000,0x00000007abd7c010,0x00000007abd80000)
  to   space 2560K, 0% used [0x00000007abd80000,0x00000007abd80000,0x00000007ac000000)
 ParOldGen       total 44032K, used 1444K [0x0000000780000000, 0x0000000782b00000, 0x00000007aab00000)
  object space 44032K, 3% used [0x0000000780000000,0x0000000780169268,0x0000000782b00000)
 Metaspace       used 15367K, capacity 15896K, committed 16128K, reserved 1062912K
  class space    used 2025K, capacity 2185K, committed 2304K, reserved 1048576K
Event: 4.093 GC heap after
Heap after GC invocations=4 (full 0):
 PSYoungGen      total 18944K, used 2544K [0x00000007aab00000, 0x00000007ad000000, 0x00000007c0000000)
  eden space 16384K, 0% used [0x00000007aab00000,0x00000007aab00000,0x00000007abb00000)
  from space 2560K, 99% used [0x00000007abd80000,0x00000007abffc030,0x00000007ac000000)
  to   space 2560K, 0% used [0x00000007abb00000,0x00000007abb00000,0x00000007abd80000)
 ParOldGen       total 44032K, used 4025K [0x0000000780000000, 0x0000000782b00000, 0x00000007aab00000)
  object space 44032K, 9% used [0x0000000780000000,0x00000007803ee698,0x0000000782b00000)
 Metaspace       used 15367K, capacity 15896K, committed 16128K, reserved 1062912K
  class space    used 2025K, capacity 2185K, committed 2304K, reserved 1048576K
}
Event: 4.435 GC heap before
{Heap before GC invocations=5 (full 0):
 PSYoungGen      total 18944K, used 18928K [0x00000007aab00000, 0x00000007ad000000, 0x00000007c0000000)
  eden space 16384K, 100% used [0x00000007aab00000,0x00000007abb00000,0x00000007abb00000)
  from space 2560K, 99% used [0x00000007abd80000,0x00000007abffc030,0x00000007ac000000)
  to   space 2560K, 0% used [0x00000007abb00000,0x00000007abb00000,0x00000007abd80000)
 ParOldGen       total 44032K, used 4025K [0x0000000780000000, 0x0000000782b00000, 0x00000007aab00000)
  object space 44032K, 9% used [0x0000000780000000,0x00000007803ee698,0x0000000782b00000)
 Metaspace       used 17407K, capacity 17974K, committed 18176K, reserved 1064960K
  class space    used 2335K, capacity 2512K, committed 2560K, reserved 1048576K
Event: 4.442 GC heap after
Heap after GC invocations=5 (full 0):
 PSYoungGen      total 18944K, used 2528K [0x00000007aab00000, 0x00000007ad700000, 0x00000007c0000000)
  eden space 16384K, 0% used [0x00000007aab00000,0x00000007aab00000,0x00000007abb00000)
  from space 2560K, 98% used [0x00000007abb00000,0x00000007abd78040,0x00000007abd80000)
  to   space 6144K, 0% used [0x00000007ad100000,0x00000007ad100000,0x00000007ad700000)
 ParOldGen       total 44032K, used 6556K [0x0000000780000000, 0x0000000782b00000, 0x00000007aab00000)
  object space 44032K, 14% used [0x0000000780000000,0x0000000780667200,0x0000000782b00000)
 Metaspace       used 17407K, capacity 17974K, committed 18176K, reserved 1064960K
  class space    used 2335K, capacity 2512K, committed 2560K, reserved 1048576K
}
Event: 4.875 GC heap before
{Heap before GC invocations=6 (full 0):
 PSYoungGen      total 18944K, used 7338K [0x00000007aab00000, 0x00000007ad700000, 0x00000007c0000000)
  eden space 16384K, 29% used [0x00000007aab00000,0x00000007aafb2818,0x00000007abb00000)
  from space 2560K, 98% used [0x00000007abb00000,0x00000007abd78040,0x00000007abd80000)
  to   space 6144K, 0% used [0x00000007ad100000,0x00000007ad100000,0x00000007ad700000)
 ParOldGen       total 44032K, used 6556K [0x0000000780000000, 0x0000000782b00000, 0x00000007aab00000)
  object space 44032K, 14% used [0x0000000780000000,0x0000000780667200,0x0000000782b00000)
 Metaspace       used 20649K, capacity 21168K, committed 21296K, reserved 1067008K
  class space    used 2799K, capacity 2933K, committed 2944K, reserved 1048576K
Event: 4.880 GC heap after
Heap after GC invocations=6 (full 0):
 PSYoungGen      total 38912K, used 3473K [0x00000007aab00000, 0x00000007ad700000, 0x00000007c0000000)
  eden space 32768K, 0% used [0x00000007aab00000,0x00000007aab00000,0x00000007acb00000)
  from space 6144K, 56% used [0x00000007ad100000,0x00000007ad464430,0x00000007ad700000)
  to   space 6144K, 0% used [0x00000007acb00000,0x00000007acb00000,0x00000007ad100000)
 ParOldGen       total 44032K, used 6556K [0x0000000780000000, 0x0000000782b00000, 0x00000007aab00000)
  object space 44032K, 14% used [0x0000000780000000,0x0000000780667200,0x0000000782b00000)
 Metaspace       used 20649K, capacity 21168K, committed 21296K, reserved 1067008K
  class space    used 2799K, capacity 2933K, committed 2944K, reserved 1048576K
}
Event: 4.880 GC heap before
{Heap before GC invocations=7 (full 1):
 PSYoungGen      total 38912K, used 3473K [0x00000007aab00000, 0x00000007ad700000, 0x00000007c0000000)
  eden space 32768K, 0% used [0x00000007aab00000,0x00000007aab00000,0x00000007acb00000)
  from space 6144K, 56% used [0x00000007ad100000,0x00000007ad464430,0x00000007ad700000)
  to   space 6144K, 0% used [0x00000007acb00000,0x00000007acb00000,0x00000007ad100000)
 ParOldGen       total 44032K, used 6556K [0x0000000780000000, 0x0000000782b00000, 0x00000007aab00000)
  object space 44032K, 14% used [0x0000000780000000,0x0000000780667200,0x0000000782b00000)
 Metaspace       used 20649K, capacity 21168K, committed 21296K, reserved 1067008K
  class space    used 2799K, capacity 2933K, committed 2944K, reserved 1048576K
Event: 4.920 GC heap after
Heap after GC invocations=7 (full 1):
 PSYoungGen      total 38912K, used 0K [0x00000007aab00000, 0x00000007ad700000, 0x00000007c0000000)
  eden space 32768K, 0% used [0x00000007aab00000,0x00000007aab00000,0x00000007acb00000)
  from space 6144K, 0% used [0x00000007ad100000,0x00000007ad100000,0x00000007ad700000)
  to   space 6144K, 0% used [0x00000007acb00000,0x00000007acb00000,0x00000007ad100000)
 ParOldGen       total 32768K, used 6993K [0x0000000780000000, 0x0000000782000000, 0x00000007aab00000)
  object space 32768K, 21% used [0x0000000780000000,0x00000007806d4540,0x0000000782000000)
 Metaspace       used 20649K, capacity 21168K, committed 21296K, reserved 1067008K
  class space    used 2799K, capacity 2933K, committed 2944K, reserved 1048576K
}

