# JRE version: Java(TM) SE Runtime Environment (8.0_66-b17) (build 1.8.0_66-b17)
# Java VM: Java HotSpot(TM) 64-Bit Server VM (25.66-b17 mixed mode bsd-amd64 compressed oops)
Heap:
 PSYoungGen      total 55808K, used 19624K [0x00000007aab00000, 0x00000007af480000, 0x00000007c0000000)
  eden space 51712K, 30% used [0x00000007aab00000,0x00000007aba2d8a0,0x00000007add80000)
  from space 4096K, 99% used [0x00000007af080000,0x00000007af47ca80,0x00000007af480000)
  to   space 5632K, 0% used [0x00000007ae980000,0x00000007ae980000,0x00000007aef00000)
 ParOldGen       total 32768K, used 6966K [0x0000000780000000, 0x0000000782000000, 0x00000007aab00000)
  object space 32768K, 21% used [0x0000000780000000,0x00000007806cd8f0,0x0000000782000000)
 Metaspace       used 28657K, capacity 29850K, committed 30080K, reserved 1075200K
  class space    used 4152K, capacity 4393K, committed 4480K, reserved 1048576K
GC Heap History (10 events):
Event: 5.100 GC heap before
{Heap before GC invocations=3 (full 0):
 PSYoungGen      total 18944K, used 18925K [0x00000007aab00000, 0x00000007ad000000, 0x00000007c0000000)
  eden space 16384K, 100% used [0x00000007aab00000,0x00000007abb00000,0x00000007abb00000)
  from space 2560K, 99% used [0x00000007acd80000,0x00000007acffb478,0x00000007ad000000)
  to   space 2560K, 0% used [0x00000007abb00000,0x00000007abb00000,0x00000007abd80000)
 ParOldGen       total 44032K, used 1363K [0x0000000780000000, 0x0000000782b00000, 0x00000007aab00000)
  object space 44032K, 3% used [0x0000000780000000,0x0000000780154de8,0x0000000782b00000)
 Metaspace       used 13398K, capacity 13692K, committed 13952K, reserved 1060864K
  class space    used 1686K, capacity 1807K, committed 1920K, reserved 1048576K
Event: 5.105 GC heap after
Heap after GC invocations=3 (full 0):
 PSYoungGen      total 18944K, used 2547K [0x00000007aab00000, 0x00000007ad000000, 0x00000007c0000000)
  eden space 16384K, 0% used [0x00000007aab00000,0x00000007aab00000,0x00000007abb00000)
  from space 2560K, 99% used [0x00000007abb00000,0x00000007abd7ce38,0x00000007abd80000)
  to   space 2560K, 0% used [0x00000007acd80000,0x00000007acd80000,0x00000007ad000000)
 ParOldGen       total 44032K, used 2263K [0x0000000780000000, 0x0000000782b00000, 0x00000007aab00000)
  object space 44032K, 5% used [0x0000000780000000,0x0000000780235e80,0x0000000782b00000)
 Metaspace       used 13398K, capacity 13692K, committed 13952K, reserved 1060864K
  class space    used 1686K, capacity 1807K, committed 1920K, reserved 1048576K
}
Event: 5.636 GC heap before
{Heap before GC invocations=4 (full 0):
 PSYoungGen      total 18944K, used 18931K [0x00000007aab00000, 0x00000007ad000000, 0x00000007c0000000)
  eden space 16384K, 100% used [0x00000007aab00000,0x00000007abb00000,0x00000007abb00000)
  from space 2560K, 99% used [0x00000007abb00000,0x00000007abd7ce38,0x00000007abd80000)
  to   space 2560K, 0% used [0x00000007acd80000,0x00000007acd80000,0x00000007ad000000)
 ParOldGen       total 44032K, used 2263K [0x0000000780000000, 0x0000000782b00000, 0x00000007aab00000)
  object space 44032K, 5% used [0x0000000780000000,0x0000000780235e80,0x0000000782b00000)
 Metaspace       used 14841K, capacity 15232K, committed 15360K, reserved 1062912K
  class space    used 1905K, capacity 2039K, committed 2048K, reserved 1048576K
Event: 5.643 GC heap after
Heap after GC invocations=4 (full 0):
 PSYoungGen      total 35328K, used 2557K [0x00000007aab00000, 0x00000007ad000000, 0x00000007c0000000)
  eden space 32768K, 0% used [0x00000007aab00000,0x00000007aab00000,0x00000007acb00000)
  from space 2560K, 99% used [0x00000007acd80000,0x00000007acfff710,0x00000007ad000000)
  to   space 2560K, 0% used [0x00000007acb00000,0x00000007acb00000,0x00000007acd80000)
 ParOldGen       total 44032K, used 4001K [0x0000000780000000, 0x0000000782b00000, 0x00000007aab00000)
  object space 44032K, 9% used [0x0000000780000000,0x00000007803e8778,0x0000000782b00000)
 Metaspace       used 14841K, capacity 15232K, committed 15360K, reserved 1062912K
  class space    used 1905K, capacity 2039K, committed 2048K, reserved 1048576K
}
Event: 6.740 GC heap before
{Heap before GC invocations=5 (full 0):
 PSYoungGen      total 35328K, used 20264K [0x00000007aab00000, 0x00000007ad000000, 0x00000007c0000000)
  eden space 32768K, 54% used [0x00000007aab00000,0x00000007abc4aca8,0x00000007acb00000)
  from space 2560K, 99% used [0x00000007acd80000,0x00000007acfff710,0x00000007ad000000)
  to   space 2560K, 0% used [0x00000007acb00000,0x00000007acb00000,0x00000007acd80000)
 ParOldGen       total 44032K, used 4001K [0x0000000780000000, 0x0000000782b00000, 0x00000007aab00000)
  object space 44032K, 9% used [0x0000000780000000,0x00000007803e8778,0x0000000782b00000)
 Metaspace       used 20749K, capacity 21206K, committed 21296K, reserved 1067008K
  class space    used 2741K, capacity 2888K, committed 2944K, reserved 1048576K
Event: 6.748 GC heap after
Heap after GC invocations=5 (full 0):
 PSYoungGen      total 35328K, used 2557K [0x00000007aab00000, 0x00000007af600000, 0x00000007c0000000)
  eden space 32768K, 0% used [0x00000007aab00000,0x00000007aab00000,0x00000007acb00000)
  from space 2560K, 99% used [0x00000007acb00000,0x00000007acd7f710,0x00000007acd80000)
  to   space 5632K, 0% used [0x00000007af080000,0x00000007af080000,0x00000007af600000)
 ParOldGen       total 44032K, used 5759K [0x0000000780000000, 0x0000000782b00000, 0x00000007aab00000)
  object space 44032K, 13% used [0x0000000780000000,0x000000078059fd88,0x0000000782b00000)
 Metaspace       used 20749K, capacity 21206K, committed 21296K, reserved 1067008K
  class space    used 2741K, capacity 2888K, committed 2944K, reserved 1048576K
}
Event: 6.748 GC heap before
{Heap before GC invocations=6 (full 1):
 PSYoungGen      total 35328K, used 2557K [0x00000007aab00000, 0x00000007af600000, 0x00000007c0000000)
  eden space 32768K, 0% used [0x00000007aab00000,0x00000007aab00000,0x00000007acb00000)
  from space 2560K, 99% used [0x00000007acb00000,0x00000007acd7f710,0x00000007acd80000)
  to   space 5632K, 0% used [0x00000007af080000,0x00000007af080000,0x00000007af600000)
 ParOldGen       total 44032K, used 5759K [0x0000000780000000, 0x0000000782b00000, 0x00000007aab00000)
  object space 44032K, 13% used [0x0000000780000000,0x000000078059fd88,0x0000000782b00000)
 Metaspace       used 20749K, capacity 21206K, committed 21296K, reserved 1067008K
  class space    used 2741K, capacity 2888K, committed 2944K, reserved 1048576K
Event: 6.798 GC heap after
Heap after GC invocations=6 (full 1):
 PSYoungGen      total 35328K, used 0K [0x00000007aab00000, 0x00000007af600000, 0x00000007c0000000)
  eden space 32768K, 0% used [0x00000007aab00000,0x00000007aab00000,0x00000007acb00000)
  from space 2560K, 0% used [0x00000007acb00000,0x00000007acb00000,0x00000007acd80000)
  to   space 5632K, 0% used [0x00000007af080000,0x00000007af080000,0x00000007af600000)
 ParOldGen       total 32768K, used 6958K [0x0000000780000000, 0x0000000782000000, 0x00000007aab00000)
  object space 32768K, 21% used [0x0000000780000000,0x00000007806cb8f0,0x0000000782000000)
 Metaspace       used 20747K, capacity 21202K, committed 21296K, reserved 1067008K
  class space    used 2740K, capacity 2886K, committed 2944K, reserved 1048576K
}
Event: 8.215 GC heap before
{Heap before GC invocations=7 (full 1):
 PSYoungGen      total 35328K, used 32768K [0x00000007aab00000, 0x00000007af600000, 0x00000007c0000000)
  eden space 32768K, 100% used [0x00000007aab00000,0x00000007acb00000,0x00000007acb00000)
  from space 2560K, 0% used [0x00000007acb00000,0x00000007acb00000,0x00000007acd80000)
  to   space 5632K, 0% used [0x00000007af080000,0x00000007af080000,0x00000007af600000)
 ParOldGen       total 32768K, used 6958K [0x0000000780000000, 0x0000000782000000, 0x00000007aab00000)
  object space 32768K, 21% used [0x0000000780000000,0x00000007806cb8f0,0x0000000782000000)
 Metaspace       used 27562K, capacity 28752K, committed 28928K, reserved 1073152K
  class space    used 4033K, capacity 4268K, committed 4352K, reserved 1048576K
Event: 8.225 GC heap after
Heap after GC invocations=7 (full 1):
 PSYoungGen      total 55808K, used 4082K [0x00000007aab00000, 0x00000007af480000, 0x00000007c0000000)
  eden space 51712K, 0% used [0x00000007aab00000,0x00000007aab00000,0x00000007add80000)
  from space 4096K, 99% used [0x00000007af080000,0x00000007af47ca80,0x00000007af480000)
  to   space 5632K, 0% used [0x00000007ae980000,0x00000007ae980000,0x00000007aef00000)
 ParOldGen       total 32768K, used 6966K [0x0000000780000000, 0x0000000782000000, 0x00000007aab00000)
  object space 32768K, 21% used [0x0000000780000000,0x00000007806cd8f0,0x0000000782000000)
 Metaspace       used 27562K, capacity 28752K, committed 28928K, reserved 1073152K
  class space    used 4033K, capacity 4268K, committed 4352K, reserved 1048576K
}

