# JRE version: Java(TM) SE Runtime Environment (8.0_66-b17) (build 1.8.0_66-b17)
# Java VM: Java HotSpot(TM) 64-Bit Server VM (25.66-b17 mixed mode bsd-amd64 compressed oops)
Heap:
 PSYoungGen      total 27136K, used 10696K [0x00000007aab00000, 0x00000007ad280000, 0x00000007c0000000)
  eden space 25088K, 34% used [0x00000007aab00000,0x00000007ab385930,0x00000007ac380000)
  from space 2048K, 96% used [0x00000007ad080000,0x00000007ad26ca80,0x00000007ad280000)
  to   space 6144K, 0% used [0x00000007ac680000,0x00000007ac680000,0x00000007acc80000)
 ParOldGen       total 35328K, used 8255K [0x0000000780000000, 0x0000000782280000, 0x00000007aab00000)
  object space 35328K, 23% used [0x0000000780000000,0x000000078080fd50,0x0000000782280000)
 Metaspace       used 26589K, capacity 27686K, committed 27776K, reserved 1073152K
  class space    used 3905K, capacity 4141K, committed 4224K, reserved 1048576K
GC Heap History (10 events):
Event: 4.086 GC heap before
{Heap before GC invocations=3 (full 0):
 PSYoungGen      total 18944K, used 18933K [0x00000007aab00000, 0x00000007ac000000, 0x00000007c0000000)
  eden space 16384K, 100% used [0x00000007aab00000,0x00000007abb00000,0x00000007abb00000)
  from space 2560K, 99% used [0x00000007abd80000,0x00000007abffd768,0x00000007ac000000)
  to   space 2560K, 0% used [0x00000007abb00000,0x00000007abb00000,0x00000007abd80000)
 ParOldGen       total 44032K, used 1423K [0x0000000780000000, 0x0000000782b00000, 0x00000007aab00000)
  object space 44032K, 3% used [0x0000000780000000,0x0000000780163c90,0x0000000782b00000)
 Metaspace       used 14270K, capacity 14578K, committed 14720K, reserved 1062912K
  class space    used 1810K, capacity 1910K, committed 1920K, reserved 1048576K
Event: 4.093 GC heap after
Heap after GC invocations=3 (full 0):
 PSYoungGen      total 18944K, used 2549K [0x00000007aab00000, 0x00000007ac000000, 0x00000007c0000000)
  eden space 16384K, 0% used [0x00000007aab00000,0x00000007aab00000,0x00000007abb00000)
  from space 2560K, 99% used [0x00000007abb00000,0x00000007abd7d748,0x00000007abd80000)
  to   space 2560K, 0% used [0x00000007abd80000,0x00000007abd80000,0x00000007ac000000)
 ParOldGen       total 44032K, used 3150K [0x0000000780000000, 0x0000000782b00000, 0x00000007aab00000)
  object space 44032K, 7% used [0x0000000780000000,0x0000000780313be0,0x0000000782b00000)
 Metaspace       used 14270K, capacity 14578K, committed 14720K, reserved 1062912K
  class space    used 1810K, capacity 1910K, committed 1920K, reserved 1048576K
}
Event: 4.718 GC heap before
{Heap before GC invocations=4 (full 0):
 PSYoungGen      total 18944K, used 18933K [0x00000007aab00000, 0x00000007ac000000, 0x00000007c0000000)
  eden space 16384K, 100% used [0x00000007aab00000,0x00000007abb00000,0x00000007abb00000)
  from space 2560K, 99% used [0x00000007abb00000,0x00000007abd7d748,0x00000007abd80000)
  to   space 2560K, 0% used [0x00000007abd80000,0x00000007abd80000,0x00000007ac000000)
 ParOldGen       total 44032K, used 3150K [0x0000000780000000, 0x0000000782b00000, 0x00000007aab00000)
  object space 44032K, 7% used [0x0000000780000000,0x0000000780313be0,0x0000000782b00000)
 Metaspace       used 19712K, capacity 20142K, committed 20480K, reserved 1067008K
  class space    used 2609K, capacity 2729K, committed 2816K, reserved 1048576K
Event: 4.727 GC heap after
Heap after GC invocations=4 (full 0):
 PSYoungGen      total 18944K, used 2544K [0x00000007aab00000, 0x00000007ad000000, 0x00000007c0000000)
  eden space 16384K, 0% used [0x00000007aab00000,0x00000007aab00000,0x00000007abb00000)
  from space 2560K, 99% used [0x00000007abd80000,0x00000007abffc030,0x00000007ac000000)
  to   space 2560K, 0% used [0x00000007abb00000,0x00000007abb00000,0x00000007abd80000)
 ParOldGen       total 44032K, used 5472K [0x0000000780000000, 0x0000000782b00000, 0x00000007aab00000)
  object space 44032K, 12% used [0x0000000780000000,0x0000000780558170,0x0000000782b00000)
 Metaspace       used 19712K, capacity 20142K, committed 20480K, reserved 1067008K
  class space    used 2609K, capacity 2729K, committed 2816K, reserved 1048576K
}
Event: 4.909 GC heap before
{Heap before GC invocations=5 (full 0):
 PSYoungGen      total 18944K, used 6403K [0x00000007aab00000, 0x00000007ad000000, 0x00000007c0000000)
  eden space 16384K, 23% used [0x00000007aab00000,0x00000007aaec4ed0,0x00000007abb00000)
  from space 2560K, 99% used [0x00000007abd80000,0x00000007abffc030,0x00000007ac000000)
  to   space 2560K, 0% used [0x00000007abb00000,0x00000007abb00000,0x00000007abd80000)
 ParOldGen       total 44032K, used 5472K [0x0000000780000000, 0x0000000782b00000, 0x00000007aab00000)
  object space 44032K, 12% used [0x0000000780000000,0x0000000780558170,0x0000000782b00000)
 Metaspace       used 20641K, capacity 21124K, committed 21296K, reserved 1067008K
  class space    used 2767K, capacity 2928K, committed 2944K, reserved 1048576K
Event: 4.915 GC heap after
Heap after GC invocations=5 (full 0):
 PSYoungGen      total 18944K, used 2544K [0x00000007aab00000, 0x00000007ad600000, 0x00000007c0000000)
  eden space 16384K, 0% used [0x00000007aab00000,0x00000007aab00000,0x00000007abb00000)
  from space 2560K, 99% used [0x00000007abb00000,0x00000007abd7c030,0x00000007abd80000)
  to   space 5632K, 0% used [0x00000007ad080000,0x00000007ad080000,0x00000007ad600000)
 ParOldGen       total 44032K, used 6511K [0x0000000780000000, 0x0000000782b00000, 0x00000007aab00000)
  object space 44032K, 14% used [0x0000000780000000,0x000000078065bf10,0x0000000782b00000)
 Metaspace       used 20641K, capacity 21124K, committed 21296K, reserved 1067008K
  class space    used 2767K, capacity 2928K, committed 2944K, reserved 1048576K
}
Event: 4.915 GC heap before
{Heap before GC invocations=6 (full 1):
 PSYoungGen      total 18944K, used 2544K [0x00000007aab00000, 0x00000007ad600000, 0x00000007c0000000)
  eden space 16384K, 0% used [0x00000007aab00000,0x00000007aab00000,0x00000007abb00000)
  from space 2560K, 99% used [0x00000007abb00000,0x00000007abd7c030,0x00000007abd80000)
  to   space 5632K, 0% used [0x00000007ad080000,0x00000007ad080000,0x00000007ad600000)
 ParOldGen       total 44032K, used 6511K [0x0000000780000000, 0x0000000782b00000, 0x00000007aab00000)
  object space 44032K, 14% used [0x0000000780000000,0x000000078065bf10,0x0000000782b00000)
 Metaspace       used 20641K, capacity 21124K, committed 21296K, reserved 1067008K
  class space    used 2767K, capacity 2928K, committed 2944K, reserved 1048576K
Event: 4.982 GC heap after
Heap after GC invocations=6 (full 1):
 PSYoungGen      total 18944K, used 0K [0x00000007aab00000, 0x00000007ad600000, 0x00000007c0000000)
  eden space 16384K, 0% used [0x00000007aab00000,0x00000007aab00000,0x00000007abb00000)
  from space 2560K, 0% used [0x00000007abb00000,0x00000007abb00000,0x00000007abd80000)
  to   space 5632K, 0% used [0x00000007ad080000,0x00000007ad080000,0x00000007ad600000)
 ParOldGen       total 35328K, used 8247K [0x0000000780000000, 0x0000000782280000, 0x00000007aab00000)
  object space 35328K, 23% used [0x0000000780000000,0x000000078080dd50,0x0000000782280000)
 Metaspace       used 20641K, capacity 21124K, committed 21296K, reserved 1067008K
  class space    used 2767K, capacity 2928K, committed 2944K, reserved 1048576K
}
Event: 5.806 GC heap before
{Heap before GC invocations=7 (full 1):
 PSYoungGen      total 18944K, used 16384K [0x00000007aab00000, 0x00000007ad600000, 0x00000007c0000000)
  eden space 16384K, 100% used [0x00000007aab00000,0x00000007abb00000,0x00000007abb00000)
  from space 2560K, 0% used [0x00000007abb00000,0x00000007abb00000,0x00000007abd80000)
  to   space 5632K, 0% used [0x00000007ad080000,0x00000007ad080000,0x00000007ad600000)
 ParOldGen       total 35328K, used 8247K [0x0000000780000000, 0x0000000782280000, 0x00000007aab00000)
  object space 35328K, 23% used [0x0000000780000000,0x000000078080dd50,0x0000000782280000)
 Metaspace       used 25480K, capacity 26386K, committed 26496K, reserved 1071104K
  class space    used 3738K, capacity 3933K, committed 3968K, reserved 1048576K
Event: 5.812 GC heap after
Heap after GC invocations=7 (full 1):
 PSYoungGen      total 27136K, used 1970K [0x00000007aab00000, 0x00000007ad280000, 0x00000007c0000000)
  eden space 25088K, 0% used [0x00000007aab00000,0x00000007aab00000,0x00000007ac380000)
  from space 2048K, 96% used [0x00000007ad080000,0x00000007ad26ca80,0x00000007ad280000)
  to   space 6144K, 0% used [0x00000007ac680000,0x00000007ac680000,0x00000007acc80000)
 ParOldGen       total 35328K, used 8255K [0x0000000780000000, 0x0000000782280000, 0x00000007aab00000)
  object space 35328K, 23% used [0x0000000780000000,0x000000078080fd50,0x0000000782280000)
 Metaspace       used 25480K, capacity 26386K, committed 26496K, reserved 1071104K
  class space    used 3738K, capacity 3933K, committed 3968K, reserved 1048576K
}

