# JRE version: Java(TM) SE Runtime Environment (8.0_66-b17) (build 1.8.0_66-b17)
# Java VM: Java HotSpot(TM) 64-Bit Server VM (25.66-b17 mixed mode bsd-amd64 compressed oops)
Heap:
 PSYoungGen      total 28160K, used 11574K [0x00000007aab00000, 0x00000007ad300000, 0x00000007c0000000)
  eden space 26112K, 36% used [0x00000007aab00000,0x00000007ab461168,0x00000007ac480000)
  from space 2048K, 96% used [0x00000007ad100000,0x00000007ad2eca80,0x00000007ad300000)
  to   space 6144K, 0% used [0x00000007ac700000,0x00000007ac700000,0x00000007acd00000)
 ParOldGen       total 34816K, used 8414K [0x0000000780000000, 0x0000000782200000, 0x00000007aab00000)
  object space 34816K, 24% used [0x0000000780000000,0x0000000780837a58,0x0000000782200000)
 Metaspace       used 26774K, capacity 27890K, committed 28032K, reserved 1073152K
  class space    used 3964K, capacity 4189K, committed 4224K, reserved 1048576K
GC Heap History (10 events):
Event: 4.430 GC heap before
{Heap before GC invocations=3 (full 0):
 PSYoungGen      total 18944K, used 18926K [0x00000007aab00000, 0x00000007ac000000, 0x00000007c0000000)
  eden space 16384K, 100% used [0x00000007aab00000,0x00000007abb00000,0x00000007abb00000)
  from space 2560K, 99% used [0x00000007abd80000,0x00000007abffb838,0x00000007ac000000)
  to   space 2560K, 0% used [0x00000007abb00000,0x00000007abb00000,0x00000007abd80000)
 ParOldGen       total 44032K, used 1887K [0x0000000780000000, 0x0000000782b00000, 0x00000007aab00000)
  object space 44032K, 4% used [0x0000000780000000,0x00000007801d7cf8,0x0000000782b00000)
 Metaspace       used 13858K, capacity 14172K, committed 14464K, reserved 1062912K
  class space    used 1755K, capacity 1839K, committed 1920K, reserved 1048576K
Event: 4.437 GC heap after
Heap after GC invocations=3 (full 0):
 PSYoungGen      total 18944K, used 2557K [0x00000007aab00000, 0x00000007ad000000, 0x00000007c0000000)
  eden space 16384K, 0% used [0x00000007aab00000,0x00000007aab00000,0x00000007abb00000)
  from space 2560K, 99% used [0x00000007abb00000,0x00000007abd7f710,0x00000007abd80000)
  to   space 2560K, 0% used [0x00000007acd80000,0x00000007acd80000,0x00000007ad000000)
 ParOldGen       total 44032K, used 3667K [0x0000000780000000, 0x0000000782b00000, 0x00000007aab00000)
  object space 44032K, 8% used [0x0000000780000000,0x0000000780394d58,0x0000000782b00000)
 Metaspace       used 13858K, capacity 14172K, committed 14464K, reserved 1062912K
  class space    used 1755K, capacity 1839K, committed 1920K, reserved 1048576K
}
Event: 5.426 GC heap before
{Heap before GC invocations=4 (full 0):
 PSYoungGen      total 18944K, used 18941K [0x00000007aab00000, 0x00000007ad000000, 0x00000007c0000000)
  eden space 16384K, 100% used [0x00000007aab00000,0x00000007abb00000,0x00000007abb00000)
  from space 2560K, 99% used [0x00000007abb00000,0x00000007abd7f710,0x00000007abd80000)
  to   space 2560K, 0% used [0x00000007acd80000,0x00000007acd80000,0x00000007ad000000)
 ParOldGen       total 44032K, used 3667K [0x0000000780000000, 0x0000000782b00000, 0x00000007aab00000)
  object space 44032K, 8% used [0x0000000780000000,0x0000000780394d58,0x0000000782b00000)
 Metaspace       used 17255K, capacity 17612K, committed 17792K, reserved 1064960K
  class space    used 2284K, capacity 2425K, committed 2432K, reserved 1048576K
Event: 5.434 GC heap after
Heap after GC invocations=4 (full 0):
 PSYoungGen      total 18944K, used 2539K [0x00000007aab00000, 0x00000007ad000000, 0x00000007c0000000)
  eden space 16384K, 0% used [0x00000007aab00000,0x00000007aab00000,0x00000007abb00000)
  from space 2560K, 99% used [0x00000007acd80000,0x00000007acffae10,0x00000007ad000000)
  to   space 2560K, 0% used [0x00000007abb00000,0x00000007abb00000,0x00000007abd80000)
 ParOldGen       total 44032K, used 5658K [0x0000000780000000, 0x0000000782b00000, 0x00000007aab00000)
  object space 44032K, 12% used [0x0000000780000000,0x0000000780586bd8,0x0000000782b00000)
 Metaspace       used 17255K, capacity 17612K, committed 17792K, reserved 1064960K
  class space    used 2284K, capacity 2425K, committed 2432K, reserved 1048576K
}
Event: 5.651 GC heap before
{Heap before GC invocations=5 (full 0):
 PSYoungGen      total 18944K, used 9948K [0x00000007aab00000, 0x00000007ad000000, 0x00000007c0000000)
  eden space 16384K, 45% used [0x00000007aab00000,0x00000007ab23c238,0x00000007abb00000)
  from space 2560K, 99% used [0x00000007acd80000,0x00000007acffae10,0x00000007ad000000)
  to   space 2560K, 0% used [0x00000007abb00000,0x00000007abb00000,0x00000007abd80000)
 ParOldGen       total 44032K, used 5658K [0x0000000780000000, 0x0000000782b00000, 0x00000007aab00000)
  object space 44032K, 12% used [0x0000000780000000,0x0000000780586bd8,0x0000000782b00000)
 Metaspace       used 20659K, capacity 21136K, committed 21296K, reserved 1067008K
  class space    used 2792K, capacity 2928K, committed 2944K, reserved 1048576K
Event: 5.658 GC heap after
Heap after GC invocations=5 (full 0):
 PSYoungGen      total 18944K, used 2555K [0x00000007aab00000, 0x00000007ad700000, 0x00000007c0000000)
  eden space 16384K, 0% used [0x00000007aab00000,0x00000007aab00000,0x00000007abb00000)
  from space 2560K, 99% used [0x00000007abb00000,0x00000007abd7ee00,0x00000007abd80000)
  to   space 6144K, 0% used [0x00000007ad100000,0x00000007ad100000,0x00000007ad700000)
 ParOldGen       total 44032K, used 7368K [0x0000000780000000, 0x0000000782b00000, 0x00000007aab00000)
  object space 44032K, 16% used [0x0000000780000000,0x0000000780732010,0x0000000782b00000)
 Metaspace       used 20659K, capacity 21136K, committed 21296K, reserved 1067008K
  class space    used 2792K, capacity 2928K, committed 2944K, reserved 1048576K
}
Event: 5.658 GC heap before
{Heap before GC invocations=6 (full 1):
 PSYoungGen      total 18944K, used 2555K [0x00000007aab00000, 0x00000007ad700000, 0x00000007c0000000)
  eden space 16384K, 0% used [0x00000007aab00000,0x00000007aab00000,0x00000007abb00000)
  from space 2560K, 99% used [0x00000007abb00000,0x00000007abd7ee00,0x00000007abd80000)
  to   space 6144K, 0% used [0x00000007ad100000,0x00000007ad100000,0x00000007ad700000)
 ParOldGen       total 44032K, used 7368K [0x0000000780000000, 0x0000000782b00000, 0x00000007aab00000)
  object space 44032K, 16% used [0x0000000780000000,0x0000000780732010,0x0000000782b00000)
 Metaspace       used 20659K, capacity 21136K, committed 21296K, reserved 1067008K
  class space    used 2792K, capacity 2928K, committed 2944K, reserved 1048576K
Event: 5.714 GC heap after
Heap after GC invocations=6 (full 1):
 PSYoungGen      total 18944K, used 0K [0x00000007aab00000, 0x00000007ad700000, 0x00000007c0000000)
  eden space 16384K, 0% used [0x00000007aab00000,0x00000007aab00000,0x00000007abb00000)
  from space 2560K, 0% used [0x00000007abb00000,0x00000007abb00000,0x00000007abd80000)
  to   space 6144K, 0% used [0x00000007ad100000,0x00000007ad100000,0x00000007ad700000)
 ParOldGen       total 34816K, used 8406K [0x0000000780000000, 0x0000000782200000, 0x00000007aab00000)
  object space 34816K, 24% used [0x0000000780000000,0x0000000780835a58,0x0000000782200000)
 Metaspace       used 20659K, capacity 21136K, committed 21296K, reserved 1067008K
  class space    used 2792K, capacity 2928K, committed 2944K, reserved 1048576K
}
Event: 6.499 GC heap before
{Heap before GC invocations=7 (full 1):
 PSYoungGen      total 18944K, used 16384K [0x00000007aab00000, 0x00000007ad700000, 0x00000007c0000000)
  eden space 16384K, 100% used [0x00000007aab00000,0x00000007abb00000,0x00000007abb00000)
  from space 2560K, 0% used [0x00000007abb00000,0x00000007abb00000,0x00000007abd80000)
  to   space 6144K, 0% used [0x00000007ad100000,0x00000007ad100000,0x00000007ad700000)
 ParOldGen       total 34816K, used 8406K [0x0000000780000000, 0x0000000782200000, 0x00000007aab00000)
  object space 34816K, 24% used [0x0000000780000000,0x0000000780835a58,0x0000000782200000)
 Metaspace       used 25492K, capacity 26438K, committed 26496K, reserved 1071104K
  class space    used 3751K, capacity 3955K, committed 3968K, reserved 1048576K
Event: 6.508 GC heap after
Heap after GC invocations=7 (full 1):
 PSYoungGen      total 28160K, used 1970K [0x00000007aab00000, 0x00000007ad300000, 0x00000007c0000000)
  eden space 26112K, 0% used [0x00000007aab00000,0x00000007aab00000,0x00000007ac480000)
  from space 2048K, 96% used [0x00000007ad100000,0x00000007ad2eca80,0x00000007ad300000)
  to   space 6144K, 0% used [0x00000007ac700000,0x00000007ac700000,0x00000007acd00000)
 ParOldGen       total 34816K, used 8414K [0x0000000780000000, 0x0000000782200000, 0x00000007aab00000)
  object space 34816K, 24% used [0x0000000780000000,0x0000000780837a58,0x0000000782200000)
 Metaspace       used 25492K, capacity 26438K, committed 26496K, reserved 1071104K
  class space    used 3751K, capacity 3955K, committed 3968K, reserved 1048576K
}

